java.io.IOException: No buffer space available
	at java.base/java.net.PlainDatagramSocketImpl.send(Native Method)
	at java.base/java.net.DatagramSocket.send(DatagramSocket.java:695)
	at cs451.Layers.UDPLink.sendLoop(UDPLink.java:67)
	at java.base/java.lang.Thread.run(Thread.java:834)
java.io.IOException: No buffer space available
	at java.base/java.net.PlainDatagramSocketImpl.send(Native Method)
	at java.base/java.net.DatagramSocket.send(DatagramSocket.java:695)
	at cs451.Layers.UDPLink.sendLoop(UDPLink.java:67)
	at java.base/java.lang.Thread.run(Thread.java:834)
java.io.IOException: No buffer space available
	at java.base/java.net.PlainDatagramSocketImpl.send(Native Method)
	at java.base/java.net.DatagramSocket.send(DatagramSocket.java:695)
	at cs451.Layers.UDPLink.sendLoop(UDPLink.java:67)
	at java.base/java.lang.Thread.run(Thread.java:834)
java.io.IOException: No buffer space available
	at java.base/java.net.PlainDatagramSocketImpl.send(Native Method)
	at java.base/java.net.DatagramSocket.send(DatagramSocket.java:695)
	at cs451.Layers.UDPLink.sendLoop(UDPLink.java:67)
	at java.base/java.lang.Thread.run(Thread.java:834)
java.io.IOException: No buffer space available
	at java.base/java.net.PlainDatagramSocketImpl.send(Native Method)
	at java.base/java.net.DatagramSocket.send(DatagramSocket.java:695)
	at cs451.Layers.UDPLink.sendLoop(UDPLink.java:67)
	at java.base/java.lang.Thread.run(Thread.java:834)
java.io.IOException: No buffer space available
	at java.base/java.net.PlainDatagramSocketImpl.send(Native Method)
	at java.base/java.net.DatagramSocket.send(DatagramSocket.java:695)
	at cs451.Layers.UDPLink.sendLoop(UDPLink.java:67)
	at java.base/java.lang.Thread.run(Thread.java:834)
java.io.IOException: No buffer space available
	at java.base/java.net.PlainDatagramSocketImpl.send(Native Method)
	at java.base/java.net.DatagramSocket.send(DatagramSocket.java:695)
	at cs451.Layers.UDPLink.sendLoop(UDPLink.java:67)
	at java.base/java.lang.Thread.run(Thread.java:834)
java.io.IOException: No buffer space available
	at java.base/java.net.PlainDatagramSocketImpl.send(Native Method)
	at java.base/java.net.DatagramSocket.send(DatagramSocket.java:695)
	at cs451.Layers.UDPLink.sendLoop(UDPLink.java:67)
	at java.base/java.lang.Thread.run(Thread.java:834)
java.io.IOException: No buffer space available
	at java.base/java.net.PlainDatagramSocketImpl.send(Native Method)
	at java.base/java.net.DatagramSocket.send(DatagramSocket.java:695)
	at cs451.Layers.UDPLink.sendLoop(UDPLink.java:67)
	at java.base/java.lang.Thread.run(Thread.java:834)
java.io.IOException: No buffer space available
	at java.base/java.net.PlainDatagramSocketImpl.send(Native Method)
	at java.base/java.net.DatagramSocket.send(DatagramSocket.java:695)
	at cs451.Layers.UDPLink.sendLoop(UDPLink.java:67)
	at java.base/java.lang.Thread.run(Thread.java:834)
java.io.IOException: No buffer space available
	at java.base/java.net.PlainDatagramSocketImpl.send(Native Method)
	at java.base/java.net.DatagramSocket.send(DatagramSocket.java:695)
	at cs451.Layers.UDPLink.sendLoop(UDPLink.java:67)
	at java.base/java.lang.Thread.run(Thread.java:834)
java.io.IOException: No buffer space available
	at java.base/java.net.PlainDatagramSocketImpl.send(Native Method)
	at java.base/java.net.DatagramSocket.send(DatagramSocket.java:695)
	at cs451.Layers.UDPLink.sendLoop(UDPLink.java:67)
	at java.base/java.lang.Thread.run(Thread.java:834)
java.io.IOException: No buffer space available
	at java.base/java.net.PlainDatagramSocketImpl.send(Native Method)
	at java.base/java.net.DatagramSocket.send(DatagramSocket.java:695)
	at cs451.Layers.UDPLink.sendLoop(UDPLink.java:67)
	at java.base/java.lang.Thread.run(Thread.java:834)
java.io.IOException: No buffer space available
	at java.base/java.net.PlainDatagramSocketImpl.send(Native Method)
	at java.base/java.net.DatagramSocket.send(DatagramSocket.java:695)
	at cs451.Layers.UDPLink.sendLoop(UDPLink.java:67)
	at java.base/java.lang.Thread.run(Thread.java:834)
java.io.IOException: No buffer space available
	at java.base/java.net.PlainDatagramSocketImpl.send(Native Method)
	at java.base/java.net.DatagramSocket.send(DatagramSocket.java:695)
	at cs451.Layers.UDPLink.sendLoop(UDPLink.java:67)
	at java.base/java.lang.Thread.run(Thread.java:834)
java.io.IOException: No buffer space available
	at java.base/java.net.PlainDatagramSocketImpl.send(Native Method)
	at java.base/java.net.DatagramSocket.send(DatagramSocket.java:695)
	at cs451.Layers.UDPLink.sendLoop(UDPLink.java:67)
	at java.base/java.lang.Thread.run(Thread.java:834)
java.io.IOException: No buffer space available
	at java.base/java.net.PlainDatagramSocketImpl.send(Native Method)
	at java.base/java.net.DatagramSocket.send(DatagramSocket.java:695)
	at cs451.Layers.UDPLink.sendLoop(UDPLink.java:67)
	at java.base/java.lang.Thread.run(Thread.java:834)
java.io.IOException: No buffer space available
	at java.base/java.net.PlainDatagramSocketImpl.send(Native Method)
	at java.base/java.net.DatagramSocket.send(DatagramSocket.java:695)
	at cs451.Layers.UDPLink.sendLoop(UDPLink.java:67)
	at java.base/java.lang.Thread.run(Thread.java:834)
java.io.IOException: No buffer space available
	at java.base/java.net.PlainDatagramSocketImpl.send(Native Method)
	at java.base/java.net.DatagramSocket.send(DatagramSocket.java:695)
	at cs451.Layers.UDPLink.sendLoop(UDPLink.java:67)
	at java.base/java.lang.Thread.run(Thread.java:834)
java.io.IOException: No buffer space available
	at java.base/java.net.PlainDatagramSocketImpl.send(Native Method)
	at java.base/java.net.DatagramSocket.send(DatagramSocket.java:695)
	at cs451.Layers.UDPLink.sendLoop(UDPLink.java:67)
	at java.base/java.lang.Thread.run(Thread.java:834)
java.io.IOException: No buffer space available
	at java.base/java.net.PlainDatagramSocketImpl.send(Native Method)
	at java.base/java.net.DatagramSocket.send(DatagramSocket.java:695)
	at cs451.Layers.UDPLink.sendLoop(UDPLink.java:67)
	at java.base/java.lang.Thread.run(Thread.java:834)
java.io.IOException: No buffer space available
	at java.base/java.net.PlainDatagramSocketImpl.send(Native Method)
	at java.base/java.net.DatagramSocket.send(DatagramSocket.java:695)
	at cs451.Layers.UDPLink.sendLoop(UDPLink.java:67)
	at java.base/java.lang.Thread.run(Thread.java:834)
java.io.IOException: No buffer space available
	at java.base/java.net.PlainDatagramSocketImpl.send(Native Method)
	at java.base/java.net.DatagramSocket.send(DatagramSocket.java:695)
	at cs451.Layers.UDPLink.sendLoop(UDPLink.java:67)
	at java.base/java.lang.Thread.run(Thread.java:834)
java.io.IOException: No buffer space available
	at java.base/java.net.PlainDatagramSocketImpl.send(Native Method)
	at java.base/java.net.DatagramSocket.send(DatagramSocket.java:695)
	at cs451.Layers.UDPLink.sendLoop(UDPLink.java:67)
	at java.base/java.lang.Thread.run(Thread.java:834)
java.io.IOException: No buffer space available
	at java.base/java.net.PlainDatagramSocketImpl.send(Native Method)
	at java.base/java.net.DatagramSocket.send(DatagramSocket.java:695)
	at cs451.Layers.UDPLink.sendLoop(UDPLink.java:67)
	at java.base/java.lang.Thread.run(Thread.java:834)
java.io.IOException: No buffer space available
	at java.base/java.net.PlainDatagramSocketImpl.send(Native Method)
	at java.base/java.net.DatagramSocket.send(DatagramSocket.java:695)
	at cs451.Layers.UDPLink.sendLoop(UDPLink.java:67)
	at java.base/java.lang.Thread.run(Thread.java:834)
java.io.IOException: No buffer space available
	at java.base/java.net.PlainDatagramSocketImpl.send(Native Method)
	at java.base/java.net.DatagramSocket.send(DatagramSocket.java:695)
	at cs451.Layers.UDPLink.sendLoop(UDPLink.java:67)
	at java.base/java.lang.Thread.run(Thread.java:834)
